Performing C SOURCE FILE Test CMAKE_HAVE_LIBC_PTHREAD failed with the following output:
Change Dir: /home/songzhen/workspace/ADGNN/cmake-build-debug/CMakeFiles/CMakeTmp

Run Build Command(s):/usr/bin/make cmTC_1afd1/fast && /usr/bin/make  -f CMakeFiles/cmTC_1afd1.dir/build.make CMakeFiles/cmTC_1afd1.dir/build
make[1]: Entering directory '/home/songzhen/workspace/ADGNN/cmake-build-debug/CMakeFiles/CMakeTmp'
Building C object CMakeFiles/cmTC_1afd1.dir/src.c.o
/usr/bin/cc   -DCMAKE_HAVE_LIBC_PTHREAD   -o CMakeFiles/cmTC_1afd1.dir/src.c.o   -c /home/songzhen/workspace/ADGNN/cmake-build-debug/CMakeFiles/CMakeTmp/src.c
Linking C executable cmTC_1afd1
/home/songzhen/Documents/CLion-2020.2.3/clion-2020.2.3/bin/cmake/linux/bin/cmake -E cmake_link_script CMakeFiles/cmTC_1afd1.dir/link.txt --verbose=1
/usr/bin/cc  -DCMAKE_HAVE_LIBC_PTHREAD    CMakeFiles/cmTC_1afd1.dir/src.c.o  -o cmTC_1afd1 
CMakeFiles/cmTC_1afd1.dir/src.c.o: In function `main':
src.c:(.text+0x3e): undefined reference to `pthread_create'
src.c:(.text+0x4a): undefined reference to `pthread_detach'
src.c:(.text+0x56): undefined reference to `pthread_cancel'
src.c:(.text+0x67): undefined reference to `pthread_join'
src.c:(.text+0x7b): undefined reference to `pthread_atfork'
collect2: error: ld returned 1 exit status
CMakeFiles/cmTC_1afd1.dir/build.make:106: recipe for target 'cmTC_1afd1' failed
make[1]: *** [cmTC_1afd1] Error 1
make[1]: Leaving directory '/home/songzhen/workspace/ADGNN/cmake-build-debug/CMakeFiles/CMakeTmp'
Makefile:141: recipe for target 'cmTC_1afd1/fast' failed
make: *** [cmTC_1afd1/fast] Error 2


Source file was:
#include <pthread.h>

void* test_func(void* data)
{
  return data;
}

int main(void)
{
  pthread_t thread;
  pthread_create(&thread, NULL, test_func, NULL);
  pthread_detach(thread);
  pthread_cancel(thread);
  pthread_join(thread, NULL);
  pthread_atfork(NULL, NULL, NULL);
  pthread_exit(NULL);

  return 0;
}

Determining if the function pthread_create exists in the pthreads failed with the following output:
Change Dir: /home/songzhen/workspace/ADGNN/cmake-build-debug/CMakeFiles/CMakeTmp

Run Build Command(s):/usr/bin/make cmTC_bfef9/fast && /usr/bin/make  -f CMakeFiles/cmTC_bfef9.dir/build.make CMakeFiles/cmTC_bfef9.dir/build
make[1]: Entering directory '/home/songzhen/workspace/ADGNN/cmake-build-debug/CMakeFiles/CMakeTmp'
Building C object CMakeFiles/cmTC_bfef9.dir/CheckFunctionExists.c.o
/usr/bin/cc   -DCHECK_FUNCTION_EXISTS=pthread_create   -o CMakeFiles/cmTC_bfef9.dir/CheckFunctionExists.c.o   -c /home/songzhen/Documents/CLion-2020.2.3/clion-2020.2.3/bin/cmake/linux/share/cmake-3.17/Modules/CheckFunctionExists.c
Linking C executable cmTC_bfef9
/home/songzhen/Documents/CLion-2020.2.3/clion-2020.2.3/bin/cmake/linux/bin/cmake -E cmake_link_script CMakeFiles/cmTC_bfef9.dir/link.txt --verbose=1
/usr/bin/cc  -DCHECK_FUNCTION_EXISTS=pthread_create    CMakeFiles/cmTC_bfef9.dir/CheckFunctionExists.c.o  -o cmTC_bfef9  -lpthreads 
/usr/bin/ld: cannot find -lpthreads
collect2: error: ld returned 1 exit status
CMakeFiles/cmTC_bfef9.dir/build.make:106: recipe for target 'cmTC_bfef9' failed
make[1]: *** [cmTC_bfef9] Error 1
make[1]: Leaving directory '/home/songzhen/workspace/ADGNN/cmake-build-debug/CMakeFiles/CMakeTmp'
Makefile:141: recipe for target 'cmTC_bfef9/fast' failed
make: *** [cmTC_bfef9/fast] Error 2



